2018-05-22 19:35:22 INFO  Car - Speed:   0.0; Angle:   0.0; Position:   2,3; Key:  4; Health: 100.0; Tile: START
2018-05-22 19:35:22 INFO  Car - Speed:   0.0; Angle:   0.0; Position:   2,3; Key:  4; Health: 100.0; Tile: START
2018-05-22 19:35:22 INFO  Car - Speed:   0.0; Angle:   0.0; Position:   2,3; Key:  4; Health: 100.0; Tile: START
2018-05-22 19:35:22 INFO  Car - Speed:   0.0; Angle:   0.0; Position:   2,3; Key:  4; Health: 100.0; Tile: START
2018-05-22 19:35:22 INFO  Car - Speed:   0.0; Angle:   0.0; Position:   2,3; Key:  4; Health: 100.0; Tile: START
2018-05-22 19:35:22 INFO  Car - Speed:   0.0; Angle:   0.0; Position:   2,3; Key:  4; Health: 100.0; Tile: START
2018-05-22 19:35:22 INFO  Car - Speed:   0.0; Angle:   0.0; Position:   2,3; Key:  4; Health: 100.0; Tile: START
2018-05-22 19:35:22 INFO  Car - Speed:   0.0; Angle:   0.0; Position:   2,3; Key:  4; Health: 100.0; Tile: START
2018-05-22 19:35:22 INFO  Car - Speed:   0.0; Angle:   0.0; Position:   2,3; Key:  4; Health: 100.0; Tile: START
2018-05-22 19:35:22 INFO  Car - Speed:   0.0; Angle:   0.0; Position:   2,3; Key:  4; Health: 100.0; Tile: START
2018-05-22 19:35:22 INFO  Car - Speed:   0.0; Angle:   0.0; Position:   2,3; Key:  4; Health: 100.0; Tile: START
2018-05-22 19:35:22 INFO  Car - Speed:   0.0; Angle:   0.0; Position:   2,3; Key:  4; Health: 100.0; Tile: START
2018-05-22 19:35:22 INFO  Car - Speed:   0.0; Angle:   0.0; Position:   2,3; Key:  4; Health: 100.0; Tile: START
2018-05-22 19:35:22 INFO  Car - Speed:   0.0; Angle:   0.0; Position:   2,3; Key:  4; Health: 100.0; Tile: START
2018-05-22 19:35:22 INFO  Car - Speed:   0.0; Angle:   0.0; Position:   2,3; Key:  4; Health: 100.0; Tile: START
2018-05-22 19:35:22 INFO  Car - Speed:   0.0; Angle:   0.0; Position:   2,3; Key:  4; Health: 100.0; Tile: START
2018-05-22 19:35:22 INFO  Car - Speed:   0.0; Angle:   0.0; Position:   2,3; Key:  4; Health: 100.0; Tile: START
2018-05-22 19:35:22 INFO  Car - Speed:   0.0; Angle:   0.0; Position:   2,3; Key:  4; Health: 100.0; Tile: START
2018-05-22 19:35:22 INFO  Car - Speed:   0.0; Angle:   0.0; Position:   2,3; Key:  4; Health: 100.0; Tile: START
2018-05-22 19:35:22 INFO  Car - Speed:   0.0; Angle:   0.0; Position:   2,3; Key:  4; Health: 100.0; Tile: START
2018-05-22 19:35:22 INFO  Car - Speed:   0.0; Angle:   0.0; Position:   2,3; Key:  4; Health: 100.0; Tile: START
2018-05-22 19:35:22 INFO  Car - Speed:   0.0; Angle:   0.0; Position:   2,3; Key:  4; Health: 100.0; Tile: START
2018-05-22 19:35:22 INFO  Car - Speed:   0.0; Angle:   0.0; Position:   2,3; Key:  4; Health: 100.0; Tile: START
2018-05-22 19:35:22 INFO  Car - Speed:   0.1; Angle:   0.0; Position:   2,3; Key:  4; Health: 100.0; Tile: START
2018-05-22 19:35:22 INFO  Car - Speed:   0.1; Angle:   0.0; Position:   2,3; Key:  4; Health: 100.0; Tile: START
2018-05-22 19:35:22 INFO  Car - Speed:   0.1; Angle:   0.0; Position:   2,3; Key:  4; Health: 100.0; Tile: START
2018-05-22 19:35:22 INFO  Car - Speed:   0.2; Angle:   0.0; Position:   2,3; Key:  4; Health: 100.0; Tile: START
2018-05-22 19:35:22 INFO  Car - Speed:   0.2; Angle:   0.0; Position:   2,3; Key:  4; Health: 100.0; Tile: START
2018-05-22 19:35:22 INFO  Car - Speed:   0.2; Angle:   0.0; Position:   2,3; Key:  4; Health: 100.0; Tile: START
2018-05-22 19:35:22 INFO  Car - Speed:   0.3; Angle:   0.0; Position:   2,3; Key:  4; Health: 100.0; Tile: START
2018-05-22 19:35:22 INFO  Car - Speed:   0.3; Angle:   0.0; Position:   2,3; Key:  4; Health: 100.0; Tile: START
2018-05-22 19:35:22 INFO  Car - Speed:   0.3; Angle:   0.0; Position:   2,3; Key:  4; Health: 100.0; Tile: START
2018-05-22 19:35:23 INFO  Car - Speed:   0.4; Angle:   0.0; Position:   2,3; Key:  4; Health: 100.0; Tile: START
2018-05-22 19:35:23 INFO  Car - Speed:   0.4; Angle:   0.0; Position:   2,3; Key:  4; Health: 100.0; Tile: START
2018-05-22 19:35:23 INFO  Car - Speed:   0.4; Angle:   0.0; Position:   2,3; Key:  4; Health: 100.0; Tile: START
2018-05-22 19:35:23 INFO  Car - Speed:   0.5; Angle:   0.0; Position:   2,3; Key:  4; Health: 100.0; Tile: START
2018-05-22 19:35:23 INFO  Car - Speed:   0.5; Angle:   0.0; Position:   2,3; Key:  4; Health: 100.0; Tile: START
2018-05-22 19:35:23 INFO  Car - Speed:   0.5; Angle:   0.0; Position:   2,3; Key:  4; Health: 100.0; Tile: START
2018-05-22 19:35:23 INFO  Car - Speed:   0.6; Angle:   0.0; Position:   2,3; Key:  4; Health: 100.0; Tile: START
2018-05-22 19:35:23 INFO  Car - Speed:   0.6; Angle:   0.0; Position:   2,3; Key:  4; Health: 100.0; Tile: START
2018-05-22 19:35:23 INFO  Car - Speed:   0.6; Angle:   0.0; Position:   2,3; Key:  4; Health: 100.0; Tile: START
2018-05-22 19:35:23 INFO  Car - Speed:   0.7; Angle:   0.0; Position:   2,3; Key:  4; Health: 100.0; Tile: START
2018-05-22 19:35:23 INFO  Car - Speed:   0.7; Angle:   0.0; Position:   2,3; Key:  4; Health: 100.0; Tile: START
2018-05-22 19:35:23 INFO  Car - Speed:   0.7; Angle:   0.0; Position:   2,3; Key:  4; Health: 100.0; Tile: START
2018-05-22 19:35:23 INFO  Car - Speed:   0.8; Angle:   0.0; Position:   2,3; Key:  4; Health: 100.0; Tile: START
2018-05-22 19:35:23 INFO  Car - Speed:   0.8; Angle:   0.0; Position:   2,3; Key:  4; Health: 100.0; Tile: START
2018-05-22 19:35:23 INFO  Car - Speed:   0.8; Angle:   0.0; Position:   2,3; Key:  4; Health: 100.0; Tile: START
2018-05-22 19:35:23 INFO  Car - Speed:   0.9; Angle:   0.0; Position:   2,3; Key:  4; Health: 100.0; Tile: START
2018-05-22 19:35:23 INFO  Car - Speed:   0.9; Angle:   0.0; Position:   2,3; Key:  4; Health: 100.0; Tile: START
2018-05-22 19:35:23 INFO  Car - Speed:   0.9; Angle:   0.0; Position:   2,3; Key:  4; Health: 100.0; Tile: START
2018-05-22 19:35:23 INFO  Car - Speed:   1.0; Angle:   0.0; Position:   2,3; Key:  4; Health: 100.0; Tile: START
2018-05-22 19:35:23 INFO  Car - Speed:   1.0; Angle:   0.0; Position:   2,3; Key:  4; Health: 100.0; Tile: START
2018-05-22 19:35:23 INFO  Car - Speed:   1.0; Angle:   0.0; Position:   2,3; Key:  4; Health: 100.0; Tile: START
2018-05-22 19:35:23 INFO  Car - Speed:   1.1; Angle:   0.0; Position:   2,3; Key:  4; Health: 100.0; Tile: START
2018-05-22 19:35:23 INFO  Car - Speed:   1.1; Angle:   0.0; Position:   2,3; Key:  4; Health: 100.0; Tile: START
2018-05-22 19:35:23 INFO  Car - Speed:   1.1; Angle:   0.0; Position:   2,3; Key:  4; Health: 100.0; Tile: START
2018-05-22 19:35:23 INFO  Car - Speed:   1.2; Angle:   0.0; Position:   2,3; Key:  4; Health: 100.0; Tile: START
2018-05-22 19:35:23 INFO  Car - Speed:   1.2; Angle:   0.0; Position:   3,3; Key:  4; Health: 100.0; Tile: ROAD
2018-05-22 19:35:23 INFO  Car - Speed:   1.2; Angle:   0.0; Position:   3,3; Key:  4; Health: 100.0; Tile: ROAD
2018-05-22 19:35:23 INFO  Car - Speed:   1.3; Angle:   0.0; Position:   3,3; Key:  4; Health: 100.0; Tile: ROAD
2018-05-22 19:35:23 INFO  Car - Speed:   1.3; Angle:   0.0; Position:   3,3; Key:  4; Health: 100.0; Tile: ROAD
2018-05-22 19:35:23 INFO  Car - Speed:   1.3; Angle:   0.0; Position:   3,3; Key:  4; Health: 100.0; Tile: ROAD
2018-05-22 19:35:23 INFO  Car - Speed:   1.4; Angle:   0.0; Position:   3,3; Key:  4; Health: 100.0; Tile: ROAD
2018-05-22 19:35:23 INFO  Car - Speed:   1.4; Angle:   0.0; Position:   3,3; Key:  4; Health: 100.0; Tile: ROAD
2018-05-22 19:35:23 INFO  Car - Speed:   1.4; Angle:   0.0; Position:   3,3; Key:  4; Health: 100.0; Tile: ROAD
2018-05-22 19:35:23 INFO  Car - Speed:   1.5; Angle:   0.0; Position:   3,3; Key:  4; Health: 100.0; Tile: ROAD
2018-05-22 19:35:23 INFO  Car - Speed:   1.5; Angle:   0.0; Position:   3,3; Key:  4; Health: 100.0; Tile: ROAD
2018-05-22 19:35:23 INFO  Car - Speed:   1.5; Angle:   0.0; Position:   3,3; Key:  4; Health: 100.0; Tile: ROAD
2018-05-22 19:35:23 INFO  Car - Speed:   1.6; Angle:   0.0; Position:   3,3; Key:  4; Health: 100.0; Tile: ROAD
2018-05-22 19:35:23 INFO  Car - Speed:   1.6; Angle:   0.0; Position:   3,3; Key:  4; Health: 100.0; Tile: ROAD
2018-05-22 19:35:23 INFO  Car - Speed:   1.6; Angle:   0.0; Position:   3,3; Key:  4; Health: 100.0; Tile: ROAD
2018-05-22 19:35:23 INFO  Car - Speed:   1.7; Angle:   0.0; Position:   3,3; Key:  4; Health: 100.0; Tile: ROAD
2018-05-22 19:35:23 INFO  Car - Speed:   1.7; Angle:   0.0; Position:   3,3; Key:  4; Health: 100.0; Tile: ROAD
2018-05-22 19:35:23 INFO  Car - Speed:   1.7; Angle:   0.0; Position:   3,3; Key:  4; Health: 100.0; Tile: ROAD
2018-05-22 19:35:23 INFO  Car - Speed:   1.8; Angle:   0.0; Position:   3,3; Key:  4; Health: 100.0; Tile: ROAD
2018-05-22 19:35:23 INFO  Car - Speed:   1.8; Angle:   0.0; Position:   3,3; Key:  4; Health: 100.0; Tile: ROAD
2018-05-22 19:35:23 INFO  Car - Speed:   1.8; Angle:   0.0; Position:   3,3; Key:  4; Health: 100.0; Tile: ROAD
2018-05-22 19:35:24 INFO  Car - Speed:   1.9; Angle:   0.0; Position:   3,3; Key:  4; Health: 100.0; Tile: ROAD
2018-05-22 19:35:24 INFO  Car - Speed:   1.9; Angle:   0.0; Position:   3,3; Key:  4; Health: 100.0; Tile: ROAD
2018-05-22 19:35:24 INFO  Car - Speed:   1.9; Angle:   0.0; Position:   3,3; Key:  4; Health: 100.0; Tile: ROAD
2018-05-22 19:35:24 INFO  Car - Speed:   2.0; Angle:   0.0; Position:   3,3; Key:  4; Health: 100.0; Tile: ROAD
2018-05-22 19:35:24 INFO  Car - Speed:   2.0; Angle:   0.0; Position:   3,3; Key:  4; Health: 100.0; Tile: ROAD
2018-05-22 19:35:24 INFO  Car - Speed:   2.0; Angle:   0.0; Position:   3,3; Key:  4; Health: 100.0; Tile: ROAD
2018-05-22 19:35:24 INFO  Car - Speed:   2.1; Angle:   0.0; Position:   3,3; Key:  4; Health: 100.0; Tile: ROAD
2018-05-22 19:35:24 INFO  Car - Speed:   2.1; Angle:   0.0; Position:   4,3; Key:  4; Health: 100.0; Tile: ROAD
2018-05-22 19:35:24 INFO  Car - Speed:   2.1; Angle:   0.0; Position:   4,3; Key:  4; Health: 100.0; Tile: ROAD
2018-05-22 19:35:24 INFO  Car - Speed:   2.2; Angle:   0.0; Position:   4,3; Key:  4; Health: 100.0; Tile: ROAD
2018-05-22 19:35:24 INFO  Car - Speed:   2.2; Angle:   0.0; Position:   4,3; Key:  4; Health: 100.0; Tile: ROAD
2018-05-22 19:35:24 INFO  Car - Speed:   2.2; Angle:   0.0; Position:   4,3; Key:  4; Health: 100.0; Tile: ROAD
2018-05-22 19:35:24 INFO  Car - Speed:   2.3; Angle:   0.0; Position:   4,3; Key:  4; Health: 100.0; Tile: ROAD
2018-05-22 19:35:24 INFO  Car - Speed:   2.3; Angle:   0.0; Position:   4,3; Key:  4; Health: 100.0; Tile: ROAD
2018-05-22 19:35:24 INFO  Car - Speed:   2.3; Angle:   0.0; Position:   4,3; Key:  4; Health: 100.0; Tile: ROAD
2018-05-22 19:35:24 INFO  Car - Speed:   2.4; Angle:   0.0; Position:   4,3; Key:  4; Health: 100.0; Tile: ROAD
2018-05-22 19:35:24 INFO  Car - Speed:   2.4; Angle:   0.0; Position:   4,3; Key:  4; Health: 100.0; Tile: ROAD
2018-05-22 19:35:24 INFO  Car - Speed:   2.4; Angle:   0.0; Position:   4,3; Key:  4; Health: 100.0; Tile: ROAD
2018-05-22 19:35:24 INFO  Car - Speed:   2.5; Angle:   0.0; Position:   4,3; Key:  4; Health: 100.0; Tile: ROAD
2018-05-22 19:35:24 INFO  Car - Speed:   2.5; Angle:   0.0; Position:   4,3; Key:  4; Health: 100.0; Tile: ROAD
2018-05-22 19:35:24 INFO  Car - Speed:   2.5; Angle:   0.0; Position:   4,3; Key:  4; Health: 100.0; Tile: ROAD
2018-05-22 19:35:24 INFO  Car - Speed:   2.6; Angle:   0.0; Position:   4,3; Key:  4; Health: 100.0; Tile: ROAD
2018-05-22 19:35:24 INFO  Car - Speed:   2.6; Angle:   0.0; Position:   4,3; Key:  4; Health: 100.0; Tile: ROAD
2018-05-22 19:35:24 INFO  Car - Speed:   2.6; Angle:   0.0; Position:   4,3; Key:  4; Health: 100.0; Tile: ROAD
2018-05-22 19:35:24 INFO  Car - Speed:   2.7; Angle:   0.0; Position:   4,3; Key:  4; Health: 100.0; Tile: ROAD
2018-05-22 19:35:24 INFO  Car - Speed:   2.7; Angle: 356.7; Position:   4,3; Key:  4; Health: 100.0; Tile: ROAD
2018-05-22 19:35:24 INFO  Car - Speed:   2.7; Angle: 353.3; Position:   5,3; Key:  4; Health: 100.0; Tile: ROAD
2018-05-22 19:35:24 INFO  Car - Speed:   2.8; Angle: 350.0; Position:   5,3; Key:  4; Health: 100.0; Tile: ROAD
2018-05-22 19:35:24 INFO  Car - Speed:   2.8; Angle: 346.7; Position:   5,3; Key:  4; Health: 100.0; Tile: ROAD
2018-05-22 19:35:24 INFO  Car - Speed:   2.8; Angle: 346.7; Position:   5,3; Key:  4; Health: 100.0; Tile: ROAD
2018-05-22 19:35:24 INFO  Car - Speed:   2.9; Angle: 346.7; Position:   5,3; Key:  4; Health: 100.0; Tile: ROAD
2018-05-22 19:35:24 INFO  Car - Speed:   2.9; Angle: 346.7; Position:   5,3; Key:  4; Health: 100.0; Tile: ROAD
2018-05-22 19:35:24 INFO  Car - Speed:   2.9; Angle: 346.7; Position:   5,3; Key:  4; Health: 100.0; Tile: ROAD
2018-05-22 19:35:24 INFO  Car - Speed:   3.0; Angle: 346.7; Position:   5,3; Key:  4; Health: 100.0; Tile: ROAD
2018-05-22 19:35:24 INFO  Car - Speed:   3.0; Angle: 346.7; Position:   5,3; Key:  4; Health: 100.0; Tile: ROAD
2018-05-22 19:35:24 INFO  Car - Speed:   3.0; Angle: 346.7; Position:   5,3; Key:  4; Health: 100.0; Tile: ROAD
2018-05-22 19:35:24 INFO  Car - Speed:   3.1; Angle: 346.7; Position:   5,3; Key:  4; Health: 100.0; Tile: ROAD
2018-05-22 19:35:24 INFO  Car - Speed:   3.1; Angle: 346.7; Position:   5,3; Key:  4; Health: 100.0; Tile: ROAD
2018-05-22 19:35:24 INFO  Car - Speed:   3.1; Angle: 346.7; Position:   5,3; Key:  4; Health: 100.0; Tile: ROAD
2018-05-22 19:35:24 INFO  Car - Speed:   3.2; Angle: 346.7; Position:   5,3; Key:  4; Health: 100.0; Tile: ROAD
2018-05-22 19:35:24 INFO  Car - Speed:   3.2; Angle: 346.7; Position:   5,3; Key:  4; Health: 100.0; Tile: ROAD
2018-05-22 19:35:24 INFO  Car - Speed:   3.2; Angle: 346.7; Position:   6,3; Key:  4; Health: 100.0; Tile: ROAD
2018-05-22 19:35:24 INFO  Car - Speed:   3.3; Angle: 346.7; Position:   6,3; Key:  4; Health: 100.0; Tile: ROAD
2018-05-22 19:35:24 INFO  Car - Speed:   3.3; Angle: 346.7; Position:   6,3; Key:  4; Health: 100.0; Tile: ROAD
2018-05-22 19:35:25 INFO  Car - Speed:   3.3; Angle: 346.7; Position:   6,3; Key:  4; Health: 100.0; Tile: ROAD
2018-05-22 19:35:25 INFO  Car - Speed:   3.4; Angle: 346.7; Position:   6,3; Key:  4; Health: 100.0; Tile: ROAD
2018-05-22 19:35:25 INFO  Car - Speed:   3.4; Angle: 346.7; Position:   6,3; Key:  4; Health: 100.0; Tile: ROAD
2018-05-22 19:35:25 INFO  Car - Speed:   3.4; Angle: 346.7; Position:   6,3; Key:  4; Health: 100.0; Tile: ROAD
2018-05-22 19:35:25 INFO  Car - Speed:   3.5; Angle: 346.7; Position:   6,3; Key:  4; Health: 100.0; Tile: ROAD
2018-05-22 19:35:25 INFO  Car - Speed:   3.5; Angle: 346.7; Position:   6,3; Key:  4; Health: 100.0; Tile: ROAD
2018-05-22 19:35:25 INFO  Car - Speed:   3.5; Angle: 346.7; Position:   6,3; Key:  4; Health: 100.0; Tile: ROAD
2018-05-22 19:35:25 INFO  Car - Speed:   3.6; Angle: 346.7; Position:   6,3; Key:  4; Health: 100.0; Tile: ROAD
2018-05-22 19:35:25 INFO  Car - Speed:   3.6; Angle: 346.7; Position:   6,3; Key:  4; Health: 100.0; Tile: ROAD
2018-05-22 19:35:25 INFO  Car - Speed:   3.6; Angle: 346.7; Position:   6,3; Key:  4; Health: 100.0; Tile: ROAD
2018-05-22 19:35:25 INFO  Car - Speed:   3.7; Angle: 350.0; Position:   6,3; Key:  4; Health: 100.0; Tile: ROAD
2018-05-22 19:35:25 INFO  Car - Speed:   3.7; Angle: 353.3; Position:   7,3; Key:  4; Health: 100.0; Tile: ROAD
2018-05-22 19:35:25 INFO  Car - Speed:   3.7; Angle: 356.7; Position:   7,3; Key:  4; Health: 100.0; Tile: ROAD
2018-05-22 19:35:25 INFO  Car - Speed:   3.8; Angle:   0.0; Position:   7,3; Key:  4; Health: 100.0; Tile: ROAD
2018-05-22 19:35:25 INFO  Car - Speed:   3.8; Angle:   3.3; Position:   7,3; Key:  4; Health: 100.0; Tile: ROAD
2018-05-22 19:35:25 INFO  Car - Speed:   3.8; Angle:   6.7; Position:   7,3; Key:  4; Health: 100.0; Tile: ROAD
2018-05-22 19:35:25 INFO  Car - Speed:   3.9; Angle:   6.7; Position:   7,3; Key:  4; Health: 100.0; Tile: ROAD
2018-05-22 19:35:25 INFO  Car - Speed:   3.9; Angle:   6.7; Position:   7,3; Key:  4; Health: 100.0; Tile: ROAD
2018-05-22 19:35:25 INFO  Car - Speed:   3.9; Angle:   6.7; Position:   7,3; Key:  4; Health: 100.0; Tile: ROAD
2018-05-22 19:35:25 INFO  Car - Speed:   4.0; Angle:   6.7; Position:   7,3; Key:  4; Health: 100.0; Tile: ROAD
2018-05-22 19:35:25 INFO  Car - Speed:   4.0; Angle:   6.7; Position:   7,3; Key:  4; Health: 100.0; Tile: ROAD
2018-05-22 19:35:25 INFO  Car - Speed:   4.0; Angle:   6.7; Position:   7,3; Key:  4; Health: 100.0; Tile: ROAD
2018-05-22 19:35:25 INFO  Car - Speed:   4.1; Angle:   6.7; Position:   8,3; Key:  4; Health: 100.0; Tile: ROAD
2018-05-22 19:35:25 INFO  Car - Speed:   4.1; Angle:   6.7; Position:   8,3; Key:  4; Health: 100.0; Tile: ROAD
2018-05-22 19:35:25 INFO  Car - Speed:   4.1; Angle:   6.7; Position:   8,3; Key:  4; Health: 100.0; Tile: ROAD
2018-05-22 19:35:25 INFO  Car - Speed:   4.2; Angle:   6.7; Position:   8,3; Key:  4; Health: 100.0; Tile: ROAD
2018-05-22 19:35:25 INFO  Car - Speed:   4.2; Angle:   6.7; Position:   8,3; Key:  4; Health: 100.0; Tile: ROAD
2018-05-22 19:35:25 INFO  Car - Speed:   4.2; Angle:   6.7; Position:   8,3; Key:  4; Health: 100.0; Tile: ROAD
2018-05-22 19:35:25 INFO  Car - Speed:   4.3; Angle:   6.7; Position:   8,3; Key:  4; Health: 100.0; Tile: ROAD
2018-05-22 19:35:25 INFO  Car - Speed:   4.3; Angle:   6.7; Position:   8,3; Key:  4; Health: 100.0; Tile: ROAD
2018-05-22 19:35:25 INFO  Car - Speed:   4.3; Angle:   6.7; Position:   8,3; Key:  4; Health: 100.0; Tile: ROAD
2018-05-22 19:35:25 INFO  Car - Speed:   4.4; Angle:   6.7; Position:   8,3; Key:  4; Health: 100.0; Tile: ROAD
2018-05-22 19:35:25 INFO  Car - Speed:   4.4; Angle:   6.7; Position:   8,3; Key:  4; Health: 100.0; Tile: ROAD
2018-05-22 19:35:25 INFO  Car - Speed:   4.4; Angle:   3.3; Position:   9,3; Key:  4; Health: 100.0; Tile: ROAD
2018-05-22 19:35:25 INFO  Car - Speed:   4.5; Angle:   0.0; Position:   9,3; Key:  4; Health: 100.0; Tile: ROAD
2018-05-22 19:35:25 INFO  Car - Speed:   4.5; Angle: 356.7; Position:   9,3; Key:  4; Health: 100.0; Tile: ROAD
2018-05-22 19:35:25 INFO  Car - Speed:   4.5; Angle: 353.3; Position:   9,3; Key:  4; Health: 100.0; Tile: ROAD
2018-05-22 19:35:25 INFO  Car - Speed:   4.6; Angle: 353.3; Position:   9,3; Key:  4; Health: 100.0; Tile: ROAD
2018-05-22 19:35:25 INFO  Car - Speed:   4.6; Angle: 353.3; Position:   9,3; Key:  4; Health: 100.0; Tile: ROAD
2018-05-22 19:35:25 INFO  Car - Speed:   4.6; Angle: 353.3; Position:   9,3; Key:  4; Health: 100.0; Tile: ROAD
2018-05-22 19:35:25 INFO  Car - Speed:   4.7; Angle: 353.3; Position:   9,3; Key:  4; Health: 100.0; Tile: ROAD
2018-05-22 19:35:25 INFO  Car - Speed:   4.7; Angle: 353.3; Position:   9,3; Key:  4; Health: 100.0; Tile: ROAD
2018-05-22 19:35:25 INFO  Car - Speed:   4.7; Angle: 353.3; Position:   9,3; Key:  4; Health: 100.0; Tile: ROAD
2018-05-22 19:35:25 INFO  Car - Speed:   4.8; Angle: 353.3; Position:  10,3; Key:  4; Health: 100.0; Tile: ROAD
2018-05-22 19:35:25 INFO  Car - Speed:   4.8; Angle: 353.3; Position:  10,3; Key:  4; Health: 100.0; Tile: ROAD
2018-05-22 19:35:26 INFO  Car - Speed:   4.8; Angle: 353.3; Position:  10,3; Key:  4; Health: 100.0; Tile: ROAD
2018-05-22 19:35:26 INFO  Car - Speed:   4.9; Angle: 353.3; Position:  10,3; Key:  4; Health: 100.0; Tile: ROAD
2018-05-22 19:35:26 INFO  Car - Speed:   4.9; Angle: 353.3; Position:  10,3; Key:  4; Health: 100.0; Tile: ROAD
2018-05-22 19:35:26 INFO  Car - Speed:   4.9; Angle: 353.3; Position:  10,3; Key:  4; Health: 100.0; Tile: ROAD
2018-05-22 19:35:26 INFO  Car - Speed:   5.0; Angle: 353.3; Position:  10,3; Key:  4; Health: 100.0; Tile: ROAD
2018-05-22 19:35:26 INFO  Car - Speed:   5.0; Angle: 353.3; Position:  10,3; Key:  4; Health: 100.0; Tile: ROAD
2018-05-22 19:35:26 INFO  Car - Speed:   5.0; Angle: 353.3; Position:  10,3; Key:  4; Health: 100.0; Tile: ROAD
2018-05-22 19:35:26 INFO  Car - Speed:   5.0; Angle: 353.3; Position:  11,3; Key:  4; Health: 100.0; Tile: ROAD
2018-05-22 19:35:26 INFO  Car - Speed:   5.0; Angle: 353.3; Position:  11,2; Key:  4; Health: 100.0; Tile: ROAD
2018-05-22 19:35:26 INFO  Car - Speed:   5.0; Angle: 353.3; Position:  11,2; Key:  4; Health: 100.0; Tile: ROAD
2018-05-22 19:35:26 INFO  Car - Speed:   5.0; Angle: 353.3; Position:  11,2; Key:  4; Health: 100.0; Tile: ROAD
2018-05-22 19:35:26 INFO  Car - Speed:   5.0; Angle: 353.3; Position:  11,2; Key:  4; Health: 100.0; Tile: ROAD
2018-05-22 19:35:26 INFO  Car - Speed:   5.0; Angle: 353.3; Position:  11,2; Key:  4; Health: 100.0; Tile: ROAD
2018-05-22 19:35:26 INFO  Car - Speed:   5.0; Angle: 353.3; Position:  11,2; Key:  4; Health: 100.0; Tile: ROAD
2018-05-22 19:35:26 INFO  Car - Speed:   5.0; Angle: 353.3; Position:  11,2; Key:  4; Health: 100.0; Tile: ROAD
2018-05-22 19:35:26 INFO  Car - Speed:   5.0; Angle: 353.3; Position:  11,2; Key:  4; Health: 100.0; Tile: ROAD
2018-05-22 19:35:26 INFO  Car - Speed:   5.0; Angle: 353.3; Position:  12,2; Key:  4; Health: 100.0; Tile: ROAD
2018-05-22 19:35:26 INFO  Car - Speed:   5.0; Angle: 353.3; Position:  12,2; Key:  4; Health: 100.0; Tile: ROAD
2018-05-22 19:35:26 INFO  Car - Speed:   5.0; Angle: 353.3; Position:  12,2; Key:  4; Health: 100.0; Tile: ROAD
2018-05-22 19:35:26 INFO  Car - Speed:   5.0; Angle: 353.3; Position:  12,2; Key:  4; Health: 100.0; Tile: ROAD
2018-05-22 19:35:26 INFO  Car - Speed:   5.0; Angle: 353.3; Position:  12,2; Key:  4; Health: 100.0; Tile: ROAD
2018-05-22 19:35:26 INFO  Car - Speed:   5.0; Angle: 353.3; Position:  12,2; Key:  4; Health: 100.0; Tile: ROAD
2018-05-22 19:35:26 INFO  Car - Speed:   5.0; Angle: 353.3; Position:  12,2; Key:  4; Health: 100.0; Tile: ROAD
2018-05-22 19:35:26 INFO  Car - Speed:   5.0; Angle: 353.3; Position:  12,2; Key:  4; Health: 100.0; Tile: ROAD
2018-05-22 19:35:26 INFO  Car - Speed:   5.0; Angle: 353.3; Position:  12,2; Key:  4; Health: 100.0; Tile: ROAD
2018-05-22 19:35:26 INFO  Car - Speed:   5.0; Angle: 353.3; Position:  13,2; Key:  4; Health: 100.0; Tile: ROAD
2018-05-22 19:35:26 INFO  Car - Speed:   5.0; Angle: 353.3; Position:  13,2; Key:  4; Health: 100.0; Tile: ROAD
2018-05-22 19:35:26 INFO  Car - Speed:   5.0; Angle: 353.3; Position:  13,2; Key:  4; Health: 100.0; Tile: ROAD
2018-05-22 19:35:26 INFO  Car - Speed:   5.0; Angle: 353.3; Position:  13,2; Key:  4; Health: 100.0; Tile: ROAD
2018-05-22 19:35:26 INFO  Car - Speed:   5.0; Angle: 353.3; Position:  13,2; Key:  4; Health: 100.0; Tile: ROAD
2018-05-22 19:35:26 INFO  Car - Speed:   5.0; Angle: 353.3; Position:  13,2; Key:  4; Health: 100.0; Tile: ROAD
2018-05-22 19:35:26 INFO  Car - Speed:   5.0; Angle: 353.3; Position:  13,2; Key:  4; Health: 100.0; Tile: ROAD
2018-05-22 19:35:26 INFO  Car - Speed:   5.0; Angle: 353.3; Position:  13,2; Key:  4; Health: 100.0; Tile: ROAD
2018-05-22 19:35:26 INFO  Car - Speed:   5.0; Angle: 353.3; Position:  13,2; Key:  4; Health: 100.0; Tile: ROAD
2018-05-22 19:35:26 INFO  Car - Speed:   5.0; Angle: 353.3; Position:  14,2; Key:  4; Health: 100.0; Tile: ROAD
2018-05-22 19:35:26 INFO  Car - Speed:   5.0; Angle: 353.3; Position:  14,2; Key:  4; Health: 100.0; Tile: ROAD
2018-05-22 19:35:26 INFO  Car - Speed:   5.0; Angle: 353.3; Position:  14,2; Key:  4; Health: 100.0; Tile: ROAD
2018-05-22 19:35:26 INFO  Car - Speed:   5.0; Angle: 353.3; Position:  14,2; Key:  4; Health: 100.0; Tile: ROAD
2018-05-22 19:35:26 INFO  Car - Speed:   5.0; Angle: 353.3; Position:  14,2; Key:  4; Health: 100.0; Tile: ROAD
2018-05-22 19:35:26 INFO  Car - Speed:   5.0; Angle: 353.3; Position:  14,2; Key:  4; Health: 100.0; Tile: ROAD
2018-05-22 19:35:26 INFO  Car - Speed:   5.0; Angle: 353.3; Position:  14,2; Key:  4; Health: 100.0; Tile: ROAD
2018-05-22 19:35:26 INFO  Car - Speed:   5.0; Angle: 353.3; Position:  14,2; Key:  4; Health: 100.0; Tile: ROAD
2018-05-22 19:35:26 INFO  Car - Speed:   5.0; Angle: 353.3; Position:  14,2; Key:  4; Health: 100.0; Tile: ROAD
2018-05-22 19:35:26 INFO  Car - Speed:   5.0; Angle: 353.3; Position:  15,2; Key:  4; Health: 100.0; Tile: ROAD
2018-05-22 19:35:26 INFO  Car - Speed:   5.0; Angle: 353.3; Position:  15,2; Key:  4; Health: 100.0; Tile: ROAD
2018-05-22 19:35:27 INFO  Car - Speed:   5.0; Angle: 356.7; Position:  15,2; Key:  4; Health: 100.0; Tile: ROAD
2018-05-22 19:35:27 INFO  Car - Speed:   5.0; Angle:   0.0; Position:  15,2; Key:  4; Health: 100.0; Tile: ROAD
2018-05-22 19:35:27 INFO  Car - Speed:   5.0; Angle:   3.3; Position:  15,2; Key:  4; Health: 100.0; Tile: ROAD
2018-05-22 19:35:27 INFO  Car - Speed:   5.0; Angle:   3.3; Position:  15,2; Key:  4; Health: 100.0; Tile: ROAD
2018-05-22 19:35:27 INFO  Car - Speed:   5.0; Angle:   3.3; Position:  15,2; Key:  4; Health: 100.0; Tile: ROAD
2018-05-22 19:35:27 INFO  Car - Speed:   5.0; Angle:   3.3; Position:  15,2; Key:  4; Health: 100.0; Tile: ROAD
2018-05-22 19:35:27 INFO  Car - Speed:   5.0; Angle:   3.3; Position:  15,2; Key:  4; Health: 100.0; Tile: ROAD
2018-05-22 19:35:27 INFO  Car - Speed:   5.0; Angle:   3.3; Position:  16,2; Key:  4; Health: 100.0; Tile: ROAD
2018-05-22 19:35:27 INFO  Car - Speed:   5.0; Angle:   3.3; Position:  16,2; Key:  4; Health: 100.0; Tile: ROAD
2018-05-22 19:35:27 INFO  Car - Speed:   5.0; Angle:   3.3; Position:  16,2; Key:  4; Health: 100.0; Tile: ROAD
2018-05-22 19:35:27 INFO  Car - Speed:   5.0; Angle:   3.3; Position:  16,2; Key:  4; Health: 100.0; Tile: ROAD
2018-05-22 19:35:27 INFO  Car - Speed:   5.0; Angle:   3.3; Position:  16,2; Key:  4; Health: 100.0; Tile: ROAD
2018-05-22 19:35:27 INFO  Car - Speed:   5.0; Angle:   3.3; Position:  16,2; Key:  4; Health: 100.0; Tile: ROAD
2018-05-22 19:35:27 INFO  Car - Speed:   5.0; Angle:   3.3; Position:  16,2; Key:  4; Health: 100.0; Tile: ROAD
2018-05-22 19:35:27 INFO  Car - Speed:   5.0; Angle:   3.3; Position:  16,2; Key:  4; Health: 100.0; Tile: ROAD
2018-05-22 19:35:27 INFO  Car - Speed:   5.0; Angle:   3.3; Position:  16,2; Key:  4; Health: 100.0; Tile: ROAD
2018-05-22 19:35:27 INFO  Car - Speed:   5.0; Angle:   3.3; Position:  17,2; Key:  4; Health: 100.0; Tile: ROAD
2018-05-22 19:35:27 INFO  Car - Speed:   5.0; Angle:   3.3; Position:  17,2; Key:  4; Health: 100.0; Tile: ROAD
2018-05-22 19:35:27 INFO  Car - Speed:   5.0; Angle:   3.3; Position:  17,2; Key:  4; Health: 100.0; Tile: ROAD
2018-05-22 19:35:27 INFO  Car - Speed:   5.0; Angle:   3.3; Position:  17,2; Key:  4; Health: 100.0; Tile: ROAD
2018-05-22 19:35:27 INFO  Car - Speed:   5.0; Angle:   3.3; Position:  17,2; Key:  4; Health: 100.0; Tile: ROAD
2018-05-22 19:35:27 INFO  Car - Speed:   5.0; Angle:   3.3; Position:  17,2; Key:  4; Health: 100.0; Tile: ROAD
2018-05-22 19:35:27 INFO  Car - Speed:   5.0; Angle:   3.3; Position:  17,2; Key:  4; Health: 100.0; Tile: ROAD
2018-05-22 19:35:27 INFO  Car - Speed:   5.0; Angle:   3.3; Position:  17,2; Key:  4; Health: 100.0; Tile: ROAD
2018-05-22 19:35:27 INFO  Car - Speed:   5.0; Angle:   3.3; Position:  17,2; Key:  4; Health: 100.0; Tile: ROAD
2018-05-22 19:35:27 INFO  Car - Speed:   5.0; Angle:   3.3; Position:  18,2; Key:  4; Health: 100.0; Tile: TRAP(lava)
2018-05-22 19:35:27 INFO  Car - Speed:   5.0; Angle:   3.3; Position:  18,2; Key:  4; Health:  99.6; Tile: TRAP(lava)
2018-05-22 19:35:27 INFO  Car - Speed:   5.0; Angle:   3.3; Position:  18,2; Key:  4; Health:  99.1; Tile: TRAP(lava)
2018-05-22 19:35:27 INFO  Car - Speed:   5.0; Angle:   3.3; Position:  18,2; Key:  4; Health:  98.7; Tile: TRAP(lava)
2018-05-22 19:35:27 INFO  Car - Speed:   5.0; Angle:   3.3; Position:  18,2; Key:  4; Health:  98.2; Tile: TRAP(lava)
2018-05-22 19:35:27 INFO  Car - Speed:   5.0; Angle:   3.3; Position:  18,2; Key:  4; Health:  97.8; Tile: TRAP(lava)
2018-05-22 19:35:27 INFO  Car - Speed:   5.0; Angle:   3.3; Position:  18,2; Key:  4; Health:  97.3; Tile: TRAP(lava)
2018-05-22 19:35:27 INFO  Car - Speed:   5.0; Angle:   3.3; Position:  18,2; Key:  4; Health:  96.9; Tile: TRAP(lava)
2018-05-22 19:35:27 INFO  Car - Speed:   5.0; Angle:   3.3; Position:  18,2; Key:  4; Health:  96.4; Tile: TRAP(lava)
2018-05-22 19:35:27 INFO  Car - Speed:   5.0; Angle:   3.3; Position:  19,2; Key:  4; Health:  96.0; Tile: TRAP(lava)
2018-05-22 19:35:27 INFO  Car - Speed:   5.0; Angle:   3.3; Position:  19,2; Key:  3; Health:  95.6; Tile: TRAP(lava)
2018-05-22 19:35:27 INFO  Car - Speed:   5.0; Angle:   3.3; Position:  19,2; Key:  3; Health:  95.1; Tile: TRAP(lava)
2018-05-22 19:35:27 INFO  Car - Speed:   5.0; Angle:   6.7; Position:  19,2; Key:  3; Health:  94.7; Tile: TRAP(lava)
2018-05-22 19:35:27 INFO  Car - Speed:   5.0; Angle:  10.0; Position:  19,2; Key:  3; Health:  94.2; Tile: TRAP(lava)
2018-05-22 19:35:27 INFO  Car - Speed:   5.0; Angle:  13.3; Position:  19,2; Key:  3; Health:  93.8; Tile: TRAP(lava)
2018-05-22 19:35:27 INFO  Car - Speed:   5.0; Angle:  16.7; Position:  19,2; Key:  3; Health:  93.3; Tile: TRAP(lava)
2018-05-22 19:35:27 INFO  Car - Speed:   5.0; Angle:  20.0; Position:  19,2; Key:  3; Health:  92.9; Tile: TRAP(lava)
2018-05-22 19:35:27 INFO  Car - Speed:   5.0; Angle:  23.3; Position:  19,2; Key:  3; Health:  92.4; Tile: TRAP(lava)
2018-05-22 19:35:27 INFO  Car - Speed:   5.0; Angle:  26.7; Position:  19,2; Key:  3; Health:  92.0; Tile: TRAP(lava)
2018-05-22 19:35:27 INFO  Car - Speed:   5.0; Angle:  30.0; Position:  20,3; Key:  3; Health:  91.6; Tile: ROAD
2018-05-22 19:35:27 INFO  Car - Speed:   5.0; Angle:  33.3; Position:  20,3; Key:  3; Health:  91.6; Tile: ROAD
2018-05-22 19:35:28 INFO  Car - Speed:   5.0; Angle:  36.7; Position:  20,3; Key:  3; Health:  91.6; Tile: ROAD
2018-05-22 19:35:28 INFO  Car - Speed:   5.0; Angle:  40.0; Position:  20,3; Key:  3; Health:  91.6; Tile: ROAD
2018-05-22 19:35:28 INFO  Car - Speed:   5.0; Angle:  43.3; Position:  20,3; Key:  3; Health:  91.6; Tile: ROAD
2018-05-22 19:35:28 INFO  Car - Speed:   5.0; Angle:  46.7; Position:  20,3; Key:  3; Health:  91.6; Tile: ROAD
2018-05-22 19:35:28 INFO  Car - Speed:   5.0; Angle:  50.0; Position:  20,3; Key:  3; Health:  91.6; Tile: ROAD
2018-05-22 19:35:28 INFO  Car - Speed:   5.0; Angle:  53.3; Position:  20,3; Key:  3; Health:  91.6; Tile: ROAD
2018-05-22 19:35:28 INFO  Car - Speed:   5.0; Angle:  56.7; Position:  20,3; Key:  3; Health:  91.6; Tile: ROAD
2018-05-22 19:35:28 INFO  Car - Speed:   5.0; Angle:  60.0; Position:  20,3; Key:  3; Health:  91.6; Tile: ROAD
2018-05-22 19:35:28 INFO  Car - Speed:   5.0; Angle:  63.3; Position:  20,3; Key:  3; Health:  91.6; Tile: ROAD
2018-05-22 19:35:28 INFO  Car - Speed:   5.0; Angle:  66.7; Position:  20,3; Key:  3; Health:  91.6; Tile: ROAD
2018-05-22 19:35:28 INFO  Car - Speed:   5.0; Angle:  70.0; Position:  20,4; Key:  3; Health:  91.6; Tile: ROAD
2018-05-22 19:35:28 INFO  Car - Speed:   5.0; Angle:  73.3; Position:  20,4; Key:  3; Health:  91.6; Tile: ROAD
2018-05-22 19:35:28 INFO  Car - Speed:   5.0; Angle:  73.3; Position:  20,4; Key:  3; Health:  91.6; Tile: ROAD
2018-05-22 19:35:28 INFO  Car - Speed:   5.0; Angle:  73.3; Position:  21,4; Key:  3; Health:  91.6; Tile: ROAD
2018-05-22 19:35:28 INFO  Car - Speed:   5.0; Angle:  73.3; Position:  21,4; Key:  3; Health:  91.6; Tile: ROAD
2018-05-22 19:35:28 INFO  Car - Speed:   5.0; Angle:  73.3; Position:  21,4; Key:  3; Health:  91.6; Tile: ROAD
2018-05-22 19:35:28 INFO  Car - Speed:   5.0; Angle:  73.3; Position:  21,4; Key:  3; Health:  91.6; Tile: ROAD
2018-05-22 19:35:28 INFO  Car - Speed:   5.0; Angle:  73.3; Position:  21,4; Key:  3; Health:  91.6; Tile: ROAD
2018-05-22 19:35:28 INFO  Car - Speed:   5.0; Angle:  73.3; Position:  21,4; Key:  3; Health:  91.6; Tile: ROAD
2018-05-22 19:35:28 INFO  Car - Speed:   5.0; Angle:  73.3; Position:  21,5; Key:  3; Health:  91.6; Tile: ROAD
2018-05-22 19:35:28 INFO  Car - Speed:   5.0; Angle:  73.3; Position:  21,5; Key:  3; Health:  91.6; Tile: ROAD
2018-05-22 19:35:28 INFO  Car - Speed:   5.0; Angle:  73.3; Position:  21,5; Key:  3; Health:  91.6; Tile: ROAD
2018-05-22 19:35:28 INFO  Car - Speed:   5.0; Angle:  73.3; Position:  21,5; Key:  3; Health:  91.6; Tile: ROAD
2018-05-22 19:35:28 INFO  Car - Speed:   5.0; Angle:  73.3; Position:  21,5; Key:  3; Health:  91.6; Tile: ROAD
2018-05-22 19:35:28 INFO  Car - Speed:   5.0; Angle:  73.3; Position:  21,5; Key:  3; Health:  91.6; Tile: ROAD
2018-05-22 19:35:28 INFO  Car - Speed:   5.0; Angle:  73.3; Position:  21,5; Key:  3; Health:  91.6; Tile: ROAD
2018-05-22 19:35:28 INFO  Car - Speed:   5.0; Angle:  73.3; Position:  21,5; Key:  3; Health:  91.6; Tile: ROAD
2018-05-22 19:35:28 INFO  Car - Speed:   5.0; Angle:  73.3; Position:  21,5; Key:  3; Health:  91.6; Tile: ROAD
2018-05-22 19:35:28 INFO  Car - Speed:   5.0; Angle:  73.3; Position:  21,5; Key:  3; Health:  91.6; Tile: ROAD
2018-05-22 19:35:28 INFO  Car - Speed:   5.0; Angle:  73.3; Position:  21,6; Key:  3; Health:  91.6; Tile: ROAD
2018-05-22 19:35:28 INFO  Car - Speed:   5.0; Angle:  73.3; Position:  21,6; Key:  3; Health:  91.6; Tile: ROAD
2018-05-22 19:35:28 INFO  Car - Speed:   5.0; Angle:  73.3; Position:  21,6; Key:  3; Health:  91.6; Tile: ROAD
2018-05-22 19:35:28 INFO  Car - Speed:   5.0; Angle:  73.3; Position:  21,6; Key:  3; Health:  91.6; Tile: ROAD
2018-05-22 19:35:28 INFO  Car - Speed:   5.0; Angle:  73.3; Position:  21,6; Key:  3; Health:  91.6; Tile: ROAD
2018-05-22 19:35:28 INFO  Car - Speed:   5.0; Angle:  73.3; Position:  21,6; Key:  3; Health:  91.6; Tile: ROAD
2018-05-22 19:35:28 INFO  Car - Speed:   5.0; Angle:  73.3; Position:  21,6; Key:  3; Health:  91.6; Tile: ROAD
2018-05-22 19:35:28 INFO  Car - Speed:   5.0; Angle:  73.3; Position:  21,6; Key:  3; Health:  91.6; Tile: ROAD
2018-05-22 19:35:28 INFO  Car - Speed:   5.0; Angle:  73.3; Position:  21,6; Key:  3; Health:  91.6; Tile: ROAD
2018-05-22 19:35:28 INFO  Car - Speed:   5.0; Angle:  73.3; Position:  21,7; Key:  3; Health:  91.6; Tile: ROAD
2018-05-22 19:35:28 INFO  Car - Speed:   5.0; Angle:  73.3; Position:  21,7; Key:  3; Health:  91.6; Tile: ROAD
2018-05-22 19:35:28 INFO  Car - Speed:   5.0; Angle:  73.3; Position:  21,7; Key:  3; Health:  91.6; Tile: ROAD
2018-05-22 19:35:28 INFO  Car - Speed:   5.0; Angle:  73.3; Position:  21,7; Key:  3; Health:  91.6; Tile: ROAD
2018-05-22 19:35:28 INFO  Car - Speed:   5.0; Angle:  73.3; Position:  21,7; Key:  3; Health:  91.6; Tile: ROAD
2018-05-22 19:35:28 INFO  Car - Speed:   5.0; Angle:  73.3; Position:  21,7; Key:  3; Health:  91.6; Tile: ROAD
2018-05-22 19:35:28 INFO  Car - Speed:   5.0; Angle:  73.3; Position:  21,7; Key:  3; Health:  91.6; Tile: ROAD
2018-05-22 19:35:29 INFO  Car - Speed:   5.0; Angle:  73.3; Position:  22,7; Key:  3; Health:  91.6; Tile: ROAD
2018-05-22 19:35:29 INFO  Car - Speed:   5.0; Angle:  73.3; Position:  22,7; Key:  3; Health:  91.6; Tile: ROAD
2018-05-22 19:35:29 INFO  Car - Speed:   5.0; Angle:  73.3; Position:  22,7; Key:  3; Health:  91.6; Tile: ROAD
2018-05-22 19:35:29 INFO  Car - Speed:   5.0; Angle:  73.3; Position:  22,8; Key:  3; Health:  91.6; Tile: ROAD
2018-05-22 19:35:29 INFO  Car - Speed:   5.0; Angle:  73.3; Position:  22,8; Key:  3; Health:  91.6; Tile: ROAD
2018-05-22 19:35:29 INFO  Car - Speed:   5.0; Angle:  73.3; Position:  22,8; Key:  3; Health:  91.6; Tile: ROAD
2018-05-22 19:35:29 INFO  Car - Speed:   5.0; Angle:  73.3; Position:  22,8; Key:  3; Health:  91.6; Tile: ROAD
2018-05-22 19:35:29 INFO  Car - Speed:   5.0; Angle:  73.3; Position:  22,8; Key:  3; Health:  91.6; Tile: ROAD
2018-05-22 19:35:29 INFO  Car - Speed:   5.0; Angle:  73.3; Position:  22,8; Key:  3; Health:  91.6; Tile: ROAD
2018-05-22 19:35:29 INFO  Car - Speed:   5.0; Angle:  73.3; Position:  22,8; Key:  3; Health:  91.6; Tile: ROAD
2018-05-22 19:35:29 INFO  Car - Speed:   5.0; Angle:  73.3; Position:  22,8; Key:  3; Health:  91.6; Tile: ROAD
2018-05-22 19:35:29 INFO  Car - Speed:   5.0; Angle:  73.3; Position:  22,8; Key:  3; Health:  91.6; Tile: ROAD
2018-05-22 19:35:29 INFO  Car - Speed:   5.0; Angle:  73.3; Position:  22,9; Key:  3; Health:  91.6; Tile: ROAD
2018-05-22 19:35:29 INFO  Car - Speed:   5.0; Angle:  73.3; Position:  22,9; Key:  3; Health:  91.6; Tile: ROAD
2018-05-22 19:35:29 INFO  Car - Speed:   5.0; Angle:  73.3; Position:  22,9; Key:  3; Health:  91.6; Tile: ROAD
2018-05-22 19:35:29 INFO  Car - Speed:   5.0; Angle:  73.3; Position:  22,9; Key:  3; Health:  91.6; Tile: ROAD
2018-05-22 19:35:29 INFO  Car - Speed:   5.0; Angle:  73.3; Position:  22,9; Key:  3; Health:  91.6; Tile: ROAD
2018-05-22 19:35:29 INFO  Car - Speed:   5.0; Angle:  73.3; Position:  22,9; Key:  3; Health:  91.6; Tile: ROAD
2018-05-22 19:35:29 INFO  Car - Speed:   5.0; Angle:  73.3; Position:  22,9; Key:  3; Health:  91.6; Tile: ROAD
2018-05-22 19:35:29 INFO  Car - Speed:   5.0; Angle:  73.3; Position:  22,9; Key:  3; Health:  91.6; Tile: ROAD
2018-05-22 19:35:29 INFO  Car - Speed:   5.0; Angle:  73.3; Position:  22,9; Key:  3; Health:  91.6; Tile: ROAD
2018-05-22 19:35:29 INFO  Car - Speed:   5.0; Angle:  73.3; Position: 22,10; Key:  3; Health:  91.6; Tile: ROAD
2018-05-22 19:35:29 INFO  Car - Speed:   5.0; Angle:  73.3; Position: 22,10; Key:  3; Health:  91.6; Tile: ROAD
2018-05-22 19:35:29 INFO  Car - Speed:   5.0; Angle:  73.3; Position: 22,10; Key:  3; Health:  91.6; Tile: ROAD
2018-05-22 19:35:29 INFO  Car - Speed:   5.0; Angle:  73.3; Position: 22,10; Key:  3; Health:  91.6; Tile: ROAD
2018-05-22 19:35:29 INFO  Car - Speed:   5.0; Angle:  73.3; Position: 22,10; Key:  3; Health:  91.6; Tile: ROAD
2018-05-22 19:35:29 INFO  Car - Speed:   5.0; Angle:  73.3; Position: 22,10; Key:  3; Health:  91.6; Tile: ROAD
2018-05-22 19:35:29 INFO  Car - Speed:   5.0; Angle:  76.7; Position: 22,10; Key:  3; Health:  91.6; Tile: ROAD
2018-05-22 19:35:29 INFO  Car - Speed:   5.0; Angle:  80.0; Position: 22,10; Key:  3; Health:  91.6; Tile: ROAD
2018-05-22 19:35:29 INFO  Car - Speed:   5.0; Angle:  83.3; Position: 22,10; Key:  3; Health:  91.6; Tile: ROAD
2018-05-22 19:35:29 INFO  Car - Speed:   5.0; Angle:  86.7; Position: 22,10; Key:  3; Health:  91.6; Tile: ROAD
2018-05-22 19:35:29 INFO  Car - Speed:   5.0; Angle:  90.0; Position: 22,11; Key:  3; Health:  91.6; Tile: ROAD
2018-05-22 19:35:29 INFO  Car - Speed:   5.0; Angle:  90.0; Position: 22,11; Key:  3; Health:  91.6; Tile: ROAD
2018-05-22 19:35:29 INFO  Car - Speed:   5.0; Angle:  90.0; Position: 22,11; Key:  3; Health:  91.6; Tile: ROAD
2018-05-22 19:35:29 INFO  Car - Speed:   5.0; Angle:  90.0; Position: 22,11; Key:  3; Health:  91.6; Tile: ROAD
2018-05-22 19:35:29 INFO  Car - Speed:   5.0; Angle:  90.0; Position: 22,11; Key:  3; Health:  91.6; Tile: ROAD
2018-05-22 19:35:29 INFO  Car - Speed:   5.0; Angle:  90.0; Position: 22,11; Key:  3; Health:  91.6; Tile: ROAD
2018-05-22 19:35:29 INFO  Car - Speed:   5.0; Angle:  90.0; Position: 22,11; Key:  3; Health:  91.6; Tile: ROAD
2018-05-22 19:35:29 INFO  Car - Speed:   5.0; Angle:  90.0; Position: 22,11; Key:  3; Health:  91.6; Tile: ROAD
2018-05-22 19:35:29 INFO  Car - Speed:   5.0; Angle:  90.0; Position: 22,11; Key:  3; Health:  91.6; Tile: ROAD
2018-05-22 19:35:29 INFO  Car - Speed:   5.0; Angle:  90.0; Position: 22,12; Key:  3; Health:  91.6; Tile: ROAD
2018-05-22 19:35:29 INFO  Car - Speed:   5.0; Angle:  90.0; Position: 22,12; Key:  3; Health:  91.6; Tile: ROAD
2018-05-22 19:35:29 INFO  Car - Speed:   5.0; Angle:  90.0; Position: 22,12; Key:  3; Health:  91.6; Tile: ROAD
2018-05-22 19:35:29 INFO  Car - Speed:   5.0; Angle:  90.0; Position: 22,12; Key:  3; Health:  91.6; Tile: ROAD
2018-05-22 19:35:30 INFO  Car - Speed:   5.0; Angle:  90.0; Position: 22,12; Key:  3; Health:  91.6; Tile: ROAD
2018-05-22 19:35:30 INFO  Car - Speed:   5.0; Angle:  90.0; Position: 22,12; Key:  3; Health:  91.6; Tile: ROAD
2018-05-22 19:35:30 INFO  Car - Speed:   5.0; Angle:  90.0; Position: 22,12; Key:  3; Health:  91.6; Tile: ROAD
2018-05-22 19:35:30 INFO  Car - Speed:   5.0; Angle:  90.0; Position: 22,12; Key:  3; Health:  91.6; Tile: ROAD
2018-05-22 19:35:30 INFO  Car - Speed:   5.0; Angle:  86.7; Position: 22,12; Key:  3; Health:  91.6; Tile: ROAD
2018-05-22 19:35:30 INFO  Car - Speed:   5.0; Angle:  83.3; Position: 22,13; Key:  3; Health:  91.6; Tile: ROAD
2018-05-22 19:35:30 INFO  Car - Speed:   5.0; Angle:  80.0; Position: 22,13; Key:  3; Health:  91.6; Tile: ROAD
2018-05-22 19:35:30 INFO  Car - Speed:   5.0; Angle:  80.0; Position: 22,13; Key:  3; Health:  91.6; Tile: ROAD
2018-05-22 19:35:30 INFO  Car - Speed:   5.0; Angle:  80.0; Position: 22,13; Key:  3; Health:  91.6; Tile: ROAD
2018-05-22 19:35:30 INFO  Car - Speed:   5.0; Angle:  80.0; Position: 23,13; Key:  3; Health:  91.6; Tile: ROAD
2018-05-22 19:35:30 INFO  Car - Speed:   5.0; Angle:  80.0; Position: 23,13; Key:  3; Health:  91.6; Tile: ROAD
2018-05-22 19:35:30 INFO  Car - Speed:   5.0; Angle:  80.0; Position: 23,13; Key:  3; Health:  91.6; Tile: ROAD
2018-05-22 19:35:30 INFO  Car - Speed:   5.0; Angle:  80.0; Position: 23,13; Key:  3; Health:  91.6; Tile: ROAD
2018-05-22 19:35:30 INFO  Car - Speed:   5.0; Angle:  80.0; Position: 23,13; Key:  3; Health:  91.6; Tile: ROAD
2018-05-22 19:35:30 INFO  Car - Speed:   5.0; Angle:  80.0; Position: 23,14; Key:  3; Health:  91.6; Tile: ROAD
2018-05-22 19:35:30 INFO  Car - Speed:   5.0; Angle:  80.0; Position: 23,14; Key:  3; Health:  91.6; Tile: ROAD
2018-05-22 19:35:30 INFO  Car - Speed:   5.0; Angle:  80.0; Position: 23,14; Key:  3; Health:  91.6; Tile: ROAD
2018-05-22 19:35:30 INFO  Car - Speed:   5.0; Angle:  80.0; Position: 23,14; Key:  3; Health:  91.6; Tile: ROAD
2018-05-22 19:35:30 INFO  Car - Speed:   5.0; Angle:  80.0; Position: 23,14; Key:  3; Health:  91.6; Tile: ROAD
2018-05-22 19:35:30 INFO  Car - Speed:   5.0; Angle:  80.0; Position: 23,14; Key:  3; Health:  91.6; Tile: ROAD
2018-05-22 19:35:30 INFO  Car - Speed:   5.0; Angle:  80.0; Position: 23,14; Key:  3; Health:  91.6; Tile: ROAD
2018-05-22 19:35:30 INFO  Car - Speed:   5.0; Angle:  80.0; Position: 23,14; Key:  3; Health:  91.6; Tile: ROAD
2018-05-22 19:35:30 INFO  Car - Speed:   5.0; Angle:  80.0; Position: 23,14; Key:  3; Health:  91.6; Tile: ROAD
2018-05-22 19:35:30 INFO  Car - Speed:   5.0; Angle:  80.0; Position: 23,15; Key:  3; Health:  91.6; Tile: TRAP(lava)
2018-05-22 19:35:30 INFO  Car - Speed:   5.0; Angle:  80.0; Position: 23,15; Key:  3; Health:  91.1; Tile: TRAP(lava)
2018-05-22 19:35:30 INFO  Car - Speed:   5.0; Angle:  80.0; Position: 23,15; Key:  3; Health:  90.7; Tile: TRAP(lava)
2018-05-22 19:35:30 INFO  Car - Speed:   5.0; Angle:  80.0; Position: 23,15; Key:  3; Health:  90.2; Tile: TRAP(lava)
2018-05-22 19:35:30 INFO  Car - Speed:   5.0; Angle:  80.0; Position: 23,15; Key:  3; Health:  89.8; Tile: TRAP(lava)
2018-05-22 19:35:30 INFO  Car - Speed:   5.0; Angle:  80.0; Position: 23,15; Key:  3; Health:  89.3; Tile: TRAP(lava)
2018-05-22 19:35:30 INFO  Car - Speed:   5.0; Angle:  80.0; Position: 23,15; Key:  3; Health:  88.9; Tile: TRAP(lava)
2018-05-22 19:35:30 INFO  Car - Speed:   5.0; Angle:  80.0; Position: 23,15; Key:  3; Health:  88.4; Tile: TRAP(lava)
2018-05-22 19:35:30 INFO  Car - Speed:   5.0; Angle:  80.0; Position: 23,15; Key:  3; Health:  88.0; Tile: TRAP(lava)
2018-05-22 19:35:30 INFO  Car - Speed:   5.0; Angle:  80.0; Position: 23,16; Key:  3; Health:  87.6; Tile: FINISH
2018-05-22 19:35:30 INFO  Car - Speed:   5.0; Angle:  80.0; Position: 23,16; Key:  3; Health:  87.6; Tile: FINISH
2018-05-22 19:35:30 INFO  Car - Speed:   5.0; Angle:  80.0; Position: 23,16; Key:  3; Health:  87.6; Tile: FINISH
2018-05-22 19:35:30 INFO  Car - Speed:   0.0; Angle:  80.0; Position: 23,16; Key:  3; Health:  87.4; Tile: FINISH
2018-05-22 19:35:30 INFO  Car - Speed:   0.0; Angle:  80.0; Position: 23,16; Key:  3; Health:  87.4; Tile: FINISH
2018-05-22 19:35:30 INFO  Car - Speed:   0.0; Angle:  80.0; Position: 23,16; Key:  3; Health:  87.4; Tile: FINISH
2018-05-22 19:35:30 INFO  Car - Speed:   0.0; Angle:  80.0; Position: 23,16; Key:  3; Health:  87.4; Tile: FINISH
2018-05-22 19:35:30 INFO  Car - Speed:   0.0; Angle:  80.0; Position: 23,16; Key:  3; Health:  87.4; Tile: FINISH
2018-05-22 19:35:30 INFO  Car - Speed:   0.0; Angle:  80.0; Position: 23,16; Key:  3; Health:  87.4; Tile: FINISH
2018-05-22 19:35:30 INFO  Car - Speed:   0.0; Angle:  80.0; Position: 23,16; Key:  3; Health:  87.4; Tile: FINISH
2018-05-22 19:35:30 INFO  Car - Speed:   0.0; Angle:  80.0; Position: 23,16; Key:  3; Health:  87.4; Tile: FINISH
2018-05-22 19:35:30 INFO  Car - Speed:   0.0; Angle:  80.0; Position: 23,16; Key:  3; Health:  87.4; Tile: FINISH
2018-05-22 19:35:30 INFO  Car - Speed:   0.0; Angle:  80.0; Position: 23,16; Key:  3; Health:  87.4; Tile: FINISH
2018-05-22 19:35:31 INFO  Car - Speed:   0.0; Angle:  80.0; Position: 23,16; Key:  3; Health:  87.4; Tile: FINISH
2018-05-22 19:35:31 INFO  Car - Speed:   0.0; Angle:  80.0; Position: 23,16; Key:  3; Health:  87.4; Tile: FINISH
2018-05-22 19:35:31 INFO  Car - Speed:   0.0; Angle:  80.0; Position: 23,16; Key:  3; Health:  87.4; Tile: FINISH
2018-05-22 19:35:31 INFO  Car - Speed:   0.0; Angle:  80.0; Position: 23,16; Key:  3; Health:  87.4; Tile: FINISH
2018-05-22 19:35:31 INFO  Car - Speed:   0.0; Angle:  80.0; Position: 23,16; Key:  3; Health:  87.4; Tile: FINISH
2018-05-22 19:35:31 INFO  Car - Speed:   0.0; Angle:  80.0; Position: 23,16; Key:  3; Health:  87.4; Tile: FINISH
2018-05-22 19:35:31 INFO  Car - Speed:   0.0; Angle:  80.0; Position: 23,16; Key:  3; Health:  87.4; Tile: FINISH
2018-05-22 19:35:31 INFO  Car - Speed:   0.0; Angle:  80.0; Position: 23,16; Key:  3; Health:  87.4; Tile: FINISH
2018-05-22 19:35:31 INFO  Car - Speed:   0.0; Angle:  80.0; Position: 23,16; Key:  3; Health:  87.4; Tile: FINISH
2018-05-22 19:35:31 INFO  Car - Speed:   0.0; Angle:  80.0; Position: 23,16; Key:  3; Health:  87.4; Tile: FINISH
2018-05-22 19:35:31 INFO  Car - Speed:   0.0; Angle:  80.0; Position: 23,16; Key:  3; Health:  87.4; Tile: FINISH
2018-05-22 19:35:31 INFO  Car - Speed:   0.0; Angle:  80.0; Position: 23,16; Key:  3; Health:  87.4; Tile: FINISH
2018-05-22 19:35:31 INFO  Car - Speed:   0.0; Angle:  80.0; Position: 23,16; Key:  3; Health:  87.4; Tile: FINISH
2018-05-22 19:35:31 INFO  Car - Speed:   0.0; Angle:  80.0; Position: 23,16; Key:  3; Health:  87.4; Tile: FINISH
2018-05-22 19:35:31 INFO  Car - Speed:   0.0; Angle:  80.0; Position: 23,16; Key:  3; Health:  87.4; Tile: FINISH
2018-05-22 19:35:31 INFO  Car - Speed:   0.0; Angle:  80.0; Position: 23,16; Key:  3; Health:  87.4; Tile: FINISH
2018-05-22 19:35:31 INFO  Car - Speed:   0.0; Angle:  80.0; Position: 23,16; Key:  3; Health:  87.4; Tile: FINISH
2018-05-22 19:35:31 INFO  Car - Speed:   0.0; Angle:  80.0; Position: 23,16; Key:  3; Health:  87.4; Tile: FINISH
2018-05-22 19:35:31 INFO  Car - Speed:   0.0; Angle:  80.0; Position: 23,16; Key:  3; Health:  87.4; Tile: FINISH
2018-05-22 19:35:31 INFO  Car - Speed:   0.0; Angle:  80.0; Position: 23,16; Key:  3; Health:  87.4; Tile: FINISH
2018-05-22 19:35:31 INFO  Car - Speed:   0.0; Angle:  80.0; Position: 23,16; Key:  3; Health:  87.4; Tile: FINISH
2018-05-22 19:35:31 INFO  Car - Speed:   0.0; Angle:  80.0; Position: 23,16; Key:  3; Health:  87.4; Tile: FINISH
2018-05-22 19:35:31 INFO  Car - Speed:   0.0; Angle:  80.0; Position: 23,16; Key:  3; Health:  87.4; Tile: FINISH
2018-05-22 19:35:31 INFO  Car - Speed:   0.0; Angle:  80.0; Position: 23,16; Key:  3; Health:  87.4; Tile: FINISH
2018-05-22 19:35:31 INFO  Car - Speed:   0.0; Angle:  80.0; Position: 23,16; Key:  3; Health:  87.4; Tile: FINISH
2018-05-22 19:35:31 INFO  Car - Speed:   0.0; Angle:  80.0; Position: 23,16; Key:  3; Health:  87.4; Tile: FINISH
2018-05-22 19:35:31 INFO  Car - Speed:   0.0; Angle:  80.0; Position: 23,16; Key:  3; Health:  87.4; Tile: FINISH
2018-05-22 19:35:31 INFO  Car - Speed:   0.0; Angle:  80.0; Position: 23,16; Key:  3; Health:  87.4; Tile: FINISH
2018-05-22 19:35:31 INFO  Car - Speed:   0.0; Angle:  80.0; Position: 23,16; Key:  3; Health:  87.4; Tile: FINISH
2018-05-22 19:35:31 INFO  Car - Speed:   0.0; Angle:  80.0; Position: 23,16; Key:  3; Health:  87.4; Tile: FINISH
2018-05-22 19:35:31 INFO  Car - Speed:   0.0; Angle:  80.0; Position: 23,16; Key:  3; Health:  87.4; Tile: FINISH
2018-05-22 19:35:31 INFO  Car - Speed:   0.0; Angle:  80.0; Position: 23,16; Key:  3; Health:  87.4; Tile: FINISH
2018-05-22 19:35:31 INFO  Car - Speed:   0.0; Angle:  80.0; Position: 23,16; Key:  3; Health:  87.4; Tile: FINISH
2018-05-22 19:35:31 INFO  Car - Speed:   0.0; Angle:  80.0; Position: 23,16; Key:  3; Health:  87.4; Tile: FINISH
2018-05-22 19:35:31 INFO  Car - Speed:   0.0; Angle:  80.0; Position: 23,16; Key:  3; Health:  87.4; Tile: FINISH
2018-05-22 19:35:31 INFO  Car - Speed:   0.0; Angle:  80.0; Position: 23,16; Key:  3; Health:  87.4; Tile: FINISH
2018-05-22 19:35:31 INFO  Car - Speed:   0.0; Angle:  80.0; Position: 23,16; Key:  3; Health:  87.4; Tile: FINISH
2018-05-22 19:35:31 INFO  Car - Speed:   0.0; Angle:  80.0; Position: 23,16; Key:  3; Health:  87.4; Tile: FINISH
2018-05-22 19:35:31 INFO  Car - Speed:   0.0; Angle:  80.0; Position: 23,16; Key:  3; Health:  87.4; Tile: FINISH
